<fileupload size="5243980">
  <file name="seleccionadas.z01" tmpfile="/home/nyxelectric/tmp/Cpanel_Form_file.upload.SWvajxgGz9WpsbK_">
    <progress bytes="261086" bps="73885.63"></progress>
    <progress bytes="326621" bps="35791.31"></progress>
    <progress bytes="392156" bps="34127.89"></progress>
    <progress bytes="457691" bps="216642.48"></progress>
    <progress bytes="588761" bps="78944.75"></progress>
    <progress bytes="654296" bps="73938.73"></progress>
    <progress bytes="719831" bps="76191.71"></progress>
    <progress bytes="785366" bps="75846.13"></progress>
    <progress bytes="850901" bps="77270.27"></progress>
    <progress bytes="916436" bps="75279.30"></progress>
    <progress bytes="981971" bps="75843.58"></progress>
    <progress bytes="1047506" bps="76897.08"></progress>
    <progress bytes="1113041" bps="75967.37"></progress>
    <progress bytes="1178576" bps="75334.60"></progress>
    <progress bytes="1244111" bps="73293.81"></progress>
    <progress bytes="1309646" bps="71210.09"></progress>
    <progress bytes="1375181" bps="73451.94"></progress>
    <progress bytes="1440716" bps="73955.33"></progress>
    <progress bytes="1506251" bps="75838.49"></progress>
    <progress bytes="1571786" bps="74773.23"></progress>
    <progress bytes="1637321" bps="75317.11"></progress>
    <progress bytes="1702856" bps="76668.49"></progress>
    <progress bytes="1768391" bps="76767.73"></progress>
    <progress bytes="1833926" bps="72938.96"></progress>
    <progress bytes="1899461" bps="74001.93"></progress>
    <progress bytes="1964996" bps="73755.33"></progress>
    <progress bytes="2030531" bps="73116.77"></progress>
    <progress bytes="2096066" bps="75820.86"></progress>
    <progress bytes="2161601" bps="76168.33"></progress>
    <progress bytes="2227136" bps="76748.04"></progress>
    <progress bytes="2292671" bps="74612.93"></progress>
    <progress bytes="2358206" bps="74963.45"></progress>
    <progress bytes="2423741" bps="72477.23"></progress>
    <progress bytes="2489276" bps="73774.84"></progress>
    <progress bytes="2554811" bps="74265.00"></progress>
    <progress bytes="2620346" bps="72655.05"></progress>
    <progress bytes="2685881" bps="71836.42"></progress>
    <progress bytes="2751416" bps="73612.83"></progress>
    <progress bytes="2816951" bps="71529.06"></progress>
    <progress bytes="2882486" bps="72802.75"></progress>
    <progress bytes="2948021" bps="69405.39"></progress>
    <progress bytes="3013556" bps="30990.34"></progress>
    <progress bytes="3079091" bps="410929.27"></progress>
    <progress bytes="3341231" bps="71166.11"></progress>
    <progress bytes="3406766" bps="69574.72"></progress>
    <progress bytes="3472301" bps="70451.68"></progress>
    <progress bytes="3537836" bps="74121.70"></progress>
    <progress bytes="3603371" bps="73435.81"></progress>
    <progress bytes="3668906" bps="75043.03"></progress>
    <progress bytes="3734441" bps="72721.72"></progress>
    <progress bytes="3799976" bps="73914.38"></progress>
    <progress bytes="3865511" bps="64292.99"></progress>
    <progress bytes="3931046" bps="71337.13"></progress>
    <progress bytes="3996581" bps="69405.69"></progress>
    <progress bytes="4062116" bps="73878.71"></progress>
    <progress bytes="4127651" bps="64011.46"></progress>
    <progress bytes="4193186" bps="64499.59"></progress>
    <progress bytes="4258721" bps="65766.96"></progress>
    <progress bytes="4324256" bps="69271.65"></progress>
    <progress bytes="4389791" bps="69162.65"></progress>
    <progress bytes="4455326" bps="71481.71"></progress>
    <progress bytes="4520861" bps="71358.50"></progress>
    <progress bytes="4586396" bps="73136.03"></progress>
    <progress bytes="4651931" bps="72145.31"></progress>
    <progress bytes="4717466" bps="71690.72"></progress>
    <progress bytes="4783001" bps="74622.11"></progress>
    <progress bytes="4848536" bps="70907.60"></progress>
    <progress bytes="4914071" bps="34924.38"></progress>
    <progress bytes="4979606" bps="261095617.53"></progress>
    <progress bytes="5242882" bps="67248.30"></progress>
    <progress filesize="5242880" complete="1"></progress>
  </file>
</fileupload>
