<fileupload size="5243993">
  <file name="seleccionadas.z02" tmpfile="/home/nyxelectric/tmp/Cpanel_Form_file.upload._p5sa4Ekh0wqp2kE">
    <progress bytes="261073" bps="44145.02"></progress>
    <progress bytes="326608" bps="161332.01"></progress>
    <progress bytes="457678" bps="77178.81"></progress>
    <progress bytes="523213" bps="65522.55"></progress>
    <progress bytes="588748" bps="57266.47"></progress>
    <progress bytes="654283" bps="60356.98"></progress>
    <progress bytes="719818" bps="62143.75"></progress>
    <progress bytes="785353" bps="70570.33"></progress>
    <progress bytes="850888" bps="78217.31"></progress>
    <progress bytes="916423" bps="76711.75"></progress>
    <progress bytes="981958" bps="73605.39"></progress>
    <progress bytes="1047493" bps="74465.58"></progress>
    <progress bytes="1113028" bps="73928.47"></progress>
    <progress bytes="1178563" bps="77832.73"></progress>
    <progress bytes="1244098" bps="76379.43"></progress>
    <progress bytes="1309633" bps="75654.82"></progress>
    <progress bytes="1375168" bps="71903.57"></progress>
    <progress bytes="1440703" bps="77565.58"></progress>
    <progress bytes="1506238" bps="75738.66"></progress>
    <progress bytes="1571773" bps="75225.99"></progress>
    <progress bytes="1637308" bps="67240.76"></progress>
    <progress bytes="1702843" bps="68380.16"></progress>
    <progress bytes="1768378" bps="69522.53"></progress>
    <progress bytes="1833913" bps="36985.37"></progress>
    <progress bytes="1899448" bps="224266.73"></progress>
    <progress bytes="2030518" bps="71382.51"></progress>
    <progress bytes="2096053" bps="76708.25"></progress>
    <progress bytes="2161588" bps="76368.57"></progress>
    <progress bytes="2227123" bps="70746.39"></progress>
    <progress bytes="2292658" bps="68262.85"></progress>
    <progress bytes="2358193" bps="67878.58"></progress>
    <progress bytes="2423728" bps="70376.18"></progress>
    <progress bytes="2489263" bps="75978.91"></progress>
    <progress bytes="2554798" bps="73315.21"></progress>
    <progress bytes="2620333" bps="76351.75"></progress>
    <progress bytes="2685868" bps="74785.78"></progress>
    <progress bytes="2751403" bps="76019.27"></progress>
    <progress bytes="2816938" bps="76712.56"></progress>
    <progress bytes="2882473" bps="72786.18"></progress>
    <progress bytes="2948008" bps="67405.23"></progress>
    <progress bytes="3013543" bps="72645.95"></progress>
    <progress bytes="3079078" bps="69208.81"></progress>
    <progress bytes="3144613" bps="76265.92"></progress>
    <progress bytes="3210148" bps="74628.48"></progress>
    <progress bytes="3275683" bps="74268.95"></progress>
    <progress bytes="3341218" bps="65803.02"></progress>
    <progress bytes="3406753" bps="72601.60"></progress>
    <progress bytes="3472288" bps="73089.05"></progress>
    <progress bytes="3537823" bps="74815.91"></progress>
    <progress bytes="3603358" bps="75143.53"></progress>
    <progress bytes="3668893" bps="75132.16"></progress>
    <progress bytes="3734428" bps="71680.14"></progress>
    <progress bytes="3799963" bps="77118.60"></progress>
    <progress bytes="3865498" bps="75244.73"></progress>
    <progress bytes="3931033" bps="72962.19"></progress>
    <progress bytes="3996568" bps="67850.61"></progress>
    <progress bytes="4062103" bps="71063.22"></progress>
    <progress bytes="4127638" bps="74092.96"></progress>
    <progress bytes="4193173" bps="72521.74"></progress>
    <progress bytes="4258708" bps="71957.49"></progress>
    <progress bytes="4324243" bps="74729.24"></progress>
    <progress bytes="4389778" bps="76396.17"></progress>
    <progress bytes="4455313" bps="75110.46"></progress>
    <progress bytes="4520848" bps="79173.22"></progress>
    <progress bytes="4586383" bps="75880.82"></progress>
    <progress bytes="4651918" bps="75272.99"></progress>
    <progress bytes="4717453" bps="33671.96"></progress>
    <progress bytes="4782988" bps="273110.29"></progress>
    <progress bytes="5045128" bps="80378.37"></progress>
    <progress bytes="5110663" bps="76431.54"></progress>
    <progress bytes="5176198" bps="76684.37"></progress>
    <progress bytes="5241733" bps="73774.09"></progress>
    <progress bytes="5242882" bps="97298.67"></progress>
    <progress filesize="5242880" complete="1"></progress>
  </file>
</fileupload>
